Provider/app/build/outputs/logs/manifest-merger-debug-report.txt
-- Merging decision tree log ---
manifest
ADDED from AndroidManifest.xml:2:1
	xmlns:android
		ADDED from AndroidManifest.xml:2:11
	package
		ADDED from AndroidManifest.xml:3:5
		INJECTED from AndroidManifest.xml:0:0
		INJECTED from AndroidManifest.xml:0:0
	android:versionName
		ADDED from AndroidManifest.xml:5:5
	android:versionCode
		ADDED from AndroidManifest.xml:4:5
		INJECTED from AndroidManifest.xml:0:0
		INJECTED from AndroidManifest.xml:0:0
uses-permission#android.permission.BLUETOOTH
ADDED from AndroidManifest.xml:7:5
	android:name
		ADDED from AndroidManifest.xml:7:22
uses-permission#android.permission.BLUETOOTH_ADMIN
ADDED from AndroidManifest.xml:8:5
	android:name
		ADDED from AndroidManifest.xml:8:22
uses-permission#com.samsung.accessory.permission.ACCESSORY_FRAMEWORK
ADDED from AndroidManifest.xml:9:5
	android:name
		ADDED from AndroidManifest.xml:9:22
uses-permission#com.samsung.android.providers.context.permission.WRITE_USE_APP_FEATURE_SURVEY
ADDED from AndroidManifest.xml:10:5
	android:name
		ADDED from AndroidManifest.xml:10:22
uses-permission#com.samsung.WATCH_APP_TYPE.Integrated
ADDED from AndroidManifest.xml:11:5
	android:name
		ADDED from AndroidManifest.xml:11:22
uses-permission#com.samsung.wmanager.APP
ADDED from AndroidManifest.xml:13:5
	android:name
		ADDED from AndroidManifest.xml:13:22
uses-permission#com.samsung.wmanager.ENABLE_NOTIFICATION
ADDED from AndroidManifest.xml:16:5
	android:name
		ADDED from AndroidManifest.xml:16:22
uses-permission#android.permission.INTERNET
ADDED from AndroidManifest.xml:17:5
	android:name
		ADDED from AndroidManifest.xml:17:22
uses-permission#android.permission.WRITE_EXTERNAL_STORAGE
ADDED from AndroidManifest.xml:18:5
	android:name
		ADDED from AndroidManifest.xml:18:22
uses-permission#android.permission.INTERACT_ACROSS_USERS_FULL
ADDED from AndroidManifest.xml:19:5
	android:name
		ADDED from AndroidManifest.xml:19:22
uses-permission#android.permission.DISABLE_KEYGUARD
ADDED from AndroidManifest.xml:22:5
	android:name
		ADDED from AndroidManifest.xml:22:22
uses-permission#android.permission.WAKE_LOCK
ADDED from AndroidManifest.xml:23:5
	android:name
		ADDED from AndroidManifest.xml:23:22
uses-sdk
ADDED from AndroidManifest.xml:34:5
	android:targetSdkVersion
		ADDED from AndroidManifest.xml:36:9
		INJECTED from AndroidManifest.xml:0:0
		INJECTED from AndroidManifest.xml:0:0
	android:minSdkVersion
		ADDED from AndroidManifest.xml:35:9
		INJECTED from AndroidManifest.xml:0:0
		INJECTED from AndroidManifest.xml:0:0
application
ADDED from AndroidManifest.xml:38:5
	android:label
		ADDED from AndroidManifest.xml:41:9
	android:allowBackup
		ADDED from AndroidManifest.xml:39:9
	android:icon
		ADDED from AndroidManifest.xml:40:9
	android:theme
		ADDED from AndroidManifest.xml:42:9
service#com.samsung.android.sdk.accessory.example.helloaccessoryprovider.HelloAccessoryProviderService
ADDED from AndroidManifest.xml:44:9
	android:name
		ADDED from AndroidManifest.xml:44:18
intent-filter#android.intent.category.DEFAULT+com.samsung.android.sdk.accessory.example.helloaccessoryprovider
ADDED from AndroidManifest.xml:47:13
action#com.samsung.android.sdk.accessory.example.helloaccessoryprovider
ADDED from AndroidManifest.xml:48:17
	android:name
		ADDED from AndroidManifest.xml:48:25
category#android.intent.category.DEFAULT
ADDED from AndroidManifest.xml:49:17
	android:name
		ADDED from AndroidManifest.xml:49:27
receiver#com.samsung.android.sdk.accessory.ServiceConnectionIndicationBroadcastReceiver
ADDED from AndroidManifest.xml:55:9
	android:name
		ADDED from AndroidManifest.xml:55:19
intent-filter#android.accessory.service.action.ACCESSORY_SERVICE_CONNECTION_IND
ADDED from AndroidManifest.xml:56:13
action#android.accessory.service.action.ACCESSORY_SERVICE_CONNECTION_IND
ADDED from AndroidManifest.xml:57:17
	android:name
		ADDED from AndroidManifest.xml:57:25
receiver#com.samsung.android.sdk.accessory.RegisterUponInstallReceiver
ADDED from AndroidManifest.xml:60:9
	android:name
		ADDED from AndroidManifest.xml:60:19
intent-filter#android.accessory.device.action.REGISTER_AFTER_INSTALL
ADDED from AndroidManifest.xml:61:13
action#android.accessory.device.action.REGISTER_AFTER_INSTALL
ADDED from AndroidManifest.xml:62:17
	android:name
		ADDED from AndroidManifest.xml:62:25
activity#com.samsung.android.sdk.accessory.example.helloaccessoryprovider.ClientSideActivity
ADDED from AndroidManifest.xml:67:9
	android:screenOrientation
		ADDED from AndroidManifest.xml:70:13
	android:label
		ADDED from AndroidManifest.xml:69:13
	android:name
		ADDED from AndroidManifest.xml:68:13
intent-filter#android.intent.action.MAIN
ADDED from AndroidManifest.xml:71:13
action#android.intent.action.MAIN
ADDED from AndroidManifest.xml:72:17
	android:name
		ADDED from AndroidManifest.xml:72:25
meta-data#AccessoryServicesLocation
ADDED from AndroidManifest.xml:77:9
	android:name
		ADDED from AndroidManifest.xml:78:13
	android:value
		ADDED from AndroidManifest.xml:79:13
meta-data#GearAppType
ADDED from AndroidManifest.xml:80:9
	android:name
		ADDED from AndroidManifest.xml:81:13
	android:value
		ADDED from AndroidManifest.xml:82:13